  {{xgTaskID=00000008}}
  glException.cpp
  {{xgTaskID=00000000}}
  {{xgTaskID=00000009}}
  main.cpp
d:\vs2012\opengl\opengl-byhj\framework\mesh.h(64): warning C4244: 'argument' : conversion from 'GLuint' to 'GLfloat', possible loss of data
c:\program files (x86)\windows kits\8.0\include\shared\minwindef.h(130): warning C4005: 'APIENTRY' : macro redefinition
          c:\program files (x86)\microsoft visual studio 11.0\vc\include\gl\glfw3.h(96) : see previous definition of 'APIENTRY'
  {{xgTaskID=00000000}}
  {{xgTaskID=00000007}}
  camera.cpp
d:\vs2012\opengl\opengl-byhj\framework\mesh.h(64): warning C4244: 'argument' : conversion from 'GLuint' to 'GLfloat', possible loss of data
c:\program files (x86)\windows kits\8.0\include\shared\minwindef.h(130): warning C4005: 'APIENTRY' : macro redefinition
          c:\program files (x86)\microsoft visual studio 11.0\vc\include\gl\glfw3.h(96) : see previous definition of 'APIENTRY'
  {{xgTaskID=00000000}}
  {{xgTaskID=00000017}}
main.obj : error LNK2005: "public: __thiscall Shader::~Shader(void)" (??1Shader@@QAE@XZ) already defined in camera.obj
main.obj : error LNK2005: "public: void __thiscall Model::Render(unsigned int)" (?Render@Model@@QAEXI@Z) already defined in camera.obj
main.obj : error LNK2005: "public: void __thiscall Shader::attach(int,char const *)" (?attach@Shader@@QAEXHPBD@Z) already defined in camera.obj
main.obj : error LNK2005: "public: void __thiscall Shader::init(void)" (?init@Shader@@QAEXXZ) already defined in camera.obj
main.obj : error LNK2005: "public: void __thiscall Shader::link(void)" (?link@Shader@@QAEXXZ) already defined in camera.obj
main.obj : error LNK2005: "public: class std::vector<struct Texture,class std::allocator<struct Texture> > __thiscall Model::loadMaterialTextures(struct aiMaterial *,enum aiTextureType,class std::basic_string<char,struct std::char_traits<char>,class std::allocator<char> >)" (?loadMaterialTextures@Model@@QAE?AV?$vector@UTexture@@V?$allocator@UTexture@@@std@@@std@@PAUaiMaterial@@W4aiTextureType@@V?$basic_string@DU?$char_traits@D@std@@V?$allocator@D@2@@3@@Z) already defined in camera.obj
main.obj : error LNK2005: "public: void __thiscall Model::loadModel(class std::basic_string<char,struct std::char_traits<char>,class std::allocator<char> >)" (?loadModel@Model@@QAEXV?$basic_string@DU?$char_traits@D@std@@V?$allocator@D@2@@std@@@Z) already defined in camera.obj
main.obj : error LNK2005: "int __cdecl loadTexture(char const *,class std::basic_string<char,struct std::char_traits<char>,class std::allocator<char> >)" (?loadTexture@@YAHPBDV?$basic_string@DU?$char_traits@D@std@@V?$allocator@D@2@@std@@@Z) already defined in camera.obj
main.obj : error LNK2005: "unsigned int __cdecl loadTexture(class std::basic_string<char,struct std::char_traits<char>,class std::allocator<char> > const &,unsigned char)" (?loadTexture@@YAIABV?$basic_string@DU?$char_traits@D@std@@V?$allocator@D@2@@std@@E@Z) already defined in camera.obj
main.obj : error LNK2005: "public: class Mesh __thiscall Model::processMesh(struct aiMesh *,struct aiScene const *)" (?processMesh@Model@@QAE?AVMesh@@PAUaiMesh@@PBUaiScene@@@Z) already defined in camera.obj
main.obj : error LNK2005: "public: void __thiscall Model::processNode(struct aiNode *,struct aiScene const *)" (?processNode@Model@@QAEXPAUaiNode@@PBUaiScene@@@Z) already defined in camera.obj
main.obj : error LNK2005: "public: virtual void __thiscall byhj::Application::run(class byhj::Application *)" (?run@Application@byhj@@UAEXPAV12@@Z) already defined in camera.obj
main.obj : error LNK2005: "char * __cdecl textFileRead(char const *)" (?textFileRead@@YAPADPBD@Z) already defined in camera.obj
main.obj : error LNK2005: "protected: static class byhj::Application * byhj::Application::app" (?app@Application@byhj@@1PAV12@A) already defined in camera.obj
LINK : warning LNK4098: defaultlib 'MSVCRT' conflicts with use of other libs; use /NODEFAULTLIB:library
Debug\Framework.exe : fatal error LNK1169: one or more multiply defined symbols found
  {{xgTaskID=00000000}}
