D:\VS2012\OPENGL\OPENGL-BYHJ\DEBUG\TEXTUREMANAGER.OBJ
D:\VS2012\OPENGL\OPENGL-BYHJ\DEBUG\NORMAL-MAPPING.OBJ
D:\VS2012\OPENGL\OPENGL-BYHJ\DEBUG\VC110.PDB
D:\VS2012\OPENGL\OPENGL-BYHJ\NORMAL-MAPPING\DEBUG\NORMAL-MAPPING.ILK
D:\VS2012\OPENGL\OPENGL-BYHJ\NORMAL-MAPPING\DEBUG\NORMAL-MAPPING.EXE
D:\VS2012\OPENGL\OPENGL-BYHJ\NORMAL-MAPPING\DEBUG\NORMAL-MAPPING.PDB
D:\VS2012\OpenGL\OpenGL-byhj\Debug\Normal-Mapping.obj
D:\VS2012\OpenGL\OpenGL-byhj\Debug\TextureManager.obj
D:\VS2012\OpenGL\OpenGL-byhj\Debug\cl.command.1.tlog
D:\VS2012\OpenGL\OpenGL-byhj\Debug\CL.read.1.tlog
D:\VS2012\OpenGL\OpenGL-byhj\Debug\CL.write.1.tlog
D:\VS2012\OpenGL\OpenGL-byhj\Debug\link-cvtres.read.1.tlog
D:\VS2012\OpenGL\OpenGL-byhj\Debug\link-cvtres.write.1.tlog
D:\VS2012\OpenGL\OpenGL-byhj\Debug\link-rc.read.1.tlog
D:\VS2012\OpenGL\OpenGL-byhj\Debug\link-rc.write.1.tlog
D:\VS2012\OpenGL\OpenGL-byhj\Debug\link.command.1.tlog
D:\VS2012\OpenGL\OpenGL-byhj\Debug\link.read.1.tlog
D:\VS2012\OpenGL\OpenGL-byhj\Debug\link.write.1.tlog
D:\VS2012\OpenGL\OpenGL-byhj\Debug\vc110.idb
D:\VS2012\OpenGL\OpenGL-byhj\Debug\vc110.pdb
D:\VS2012\OpenGL\OpenGL-byhj\Normal-Mapping\Debug\Normal-Mapping.exe
