D:\VS2012\OPENGL\OPENGL-BYHJ\DEBUG\TEXTUREMANAGER.OBJ
D:\VS2012\OPENGL\OPENGL-BYHJ\DEBUG\NORMAL-MAPPING.OBJ
D:\VS2012\OPENGL\OPENGL-BYHJ\DEBUG\VC110.PDB
D:\VS2012\OPENGL\OPENGL-BYHJ\DEBUG\TEXTURE2D.OBJ
D:\VS2012\OPENGL\OPENGL-BYHJ\DEBUG\NORMAL-MAPPING.ILK
D:\VS2012\OPENGL\OPENGL-BYHJ\DEBUG\NORMAL-MAPPING.EXE
D:\VS2012\OPENGL\OPENGL-BYHJ\DEBUG\NORMAL-MAPPING.PDB
D:\VS2012\OPENGL\OPENGL-BYHJ\TEXTURE2D\DEBUG\TEXTURE2D.ILK
D:\VS2012\OPENGL\OPENGL-BYHJ\TEXTURE2D\DEBUG\TEXTURE2D.EXE
D:\VS2012\OPENGL\OPENGL-BYHJ\TEXTURE2D\DEBUG\TEXTURE2D.PDB
D:\VS2012\OpenGL\OpenGL-byhj\Debug\Normal-Mapping.obj
D:\VS2012\OpenGL\OpenGL-byhj\Debug\Texture2D.obj
D:\VS2012\OpenGL\OpenGL-byhj\Debug\TextureManager.obj
D:\VS2012\OpenGL\OpenGL-byhj\Debug\Normal-Mapping.ilk
D:\VS2012\OpenGL\OpenGL-byhj\Debug\cl.command.1.tlog
D:\VS2012\OpenGL\OpenGL-byhj\Debug\CL.read.1.tlog
D:\VS2012\OpenGL\OpenGL-byhj\Debug\CL.write.1.tlog
D:\VS2012\OpenGL\OpenGL-byhj\Debug\link-cvtres.read.1.tlog
D:\VS2012\OpenGL\OpenGL-byhj\Debug\link-cvtres.write.1.tlog
D:\VS2012\OpenGL\OpenGL-byhj\Debug\link-rc.read.1.tlog
D:\VS2012\OpenGL\OpenGL-byhj\Debug\link-rc.write.1.tlog
D:\VS2012\OpenGL\OpenGL-byhj\Debug\link.command.1.tlog
D:\VS2012\OpenGL\OpenGL-byhj\Debug\link.read.1.tlog
D:\VS2012\OpenGL\OpenGL-byhj\Debug\link.write.1.tlog
D:\VS2012\OpenGL\OpenGL-byhj\Debug\vc110.idb
D:\VS2012\OpenGL\OpenGL-byhj\Debug\Normal-Mapping.pdb
D:\VS2012\OpenGL\OpenGL-byhj\Debug\vc110.pdb
D:\VS2012\OpenGL\OpenGL-byhj\Texture2D\Debug\Texture2D.exe
